Flow report for uk101
Fri Jun 19 15:53:56 2020
Quartus Prime Version 18.1.0 Build 625 09/12/2018 SJ Standard Edition


---------------------
; Table of Contents ;
---------------------
  1. Legal Notice
  2. Flow Summary
  3. Flow Settings
  4. Flow Non-Default Global Settings
  5. Flow Elapsed Time
  6. Flow OS Summary
  7. Flow Log
  8. Flow Messages
  9. Flow Suppressed Messages



----------------
; Legal Notice ;
----------------
Copyright (C) 2018  Intel Corporation. All rights reserved.
Your use of Intel Corporation's design tools, logic functions 
and other software and tools, and its AMPP partner logic 
functions, and any output files from any of the foregoing 
(including device programming or simulation files), and any 
associated documentation or information are expressly subject 
to the terms and conditions of the Intel Program License 
Subscription Agreement, the Intel Quartus Prime License Agreement,
the Intel FPGA IP License Agreement, or other applicable license
agreement, including, without limitation, that your use is for
the sole purpose of programming logic devices manufactured by
Intel and sold by Intel or its authorized distributors.  Please
refer to the applicable agreement for further details.



+-----------------------------------------------------------------------------------+
; Flow Summary                                                                      ;
+---------------------------------+-------------------------------------------------+
; Flow Status                     ; Successful - Fri Jun 19 15:53:56 2020           ;
; Quartus Prime Version           ; 18.1.0 Build 625 09/12/2018 SJ Standard Edition ;
; Revision Name                   ; uk101                                           ;
; Top-level Entity Name           ; uk101                                           ;
; Family                          ; Cyclone V                                       ;
; Device                          ; 5CEBA4F23C7                                     ;
; Timing Models                   ; Final                                           ;
; Logic utilization (in ALMs)     ; 1,475 / 18,480 ( 8 % )                          ;
; Total registers                 ; 628                                             ;
; Total pins                      ; 40 / 224 ( 18 % )                               ;
; Total virtual pins              ; 0                                               ;
; Total block memory bits         ; 1,966,336 / 3,153,920 ( 62 % )                  ;
; Total DSP Blocks                ; 0 / 66 ( 0 % )                                  ;
; Total HSSI RX PCSs              ; 0                                               ;
; Total HSSI PMA RX Deserializers ; 0                                               ;
; Total HSSI TX PCSs              ; 0                                               ;
; Total HSSI PMA TX Serializers   ; 0                                               ;
; Total PLLs                      ; 1 / 4 ( 25 % )                                  ;
; Total DLLs                      ; 0 / 4 ( 0 % )                                   ;
+---------------------------------+-------------------------------------------------+


+-----------------------------------------+
; Flow Settings                           ;
+-------------------+---------------------+
; Option            ; Setting             ;
+-------------------+---------------------+
; Start date & time ; 06/19/2020 15:49:27 ;
; Main task         ; Compilation         ;
; Revision Name     ; uk101               ;
+-------------------+---------------------+


+-----------------------------------------------------------------------------------------------------------------------------+
; Flow Non-Default Global Settings                                                                                            ;
+-------------------------------------+----------------------------------------+---------------+-------------+----------------+
; Assignment Name                     ; Value                                  ; Default Value ; Entity Name ; Section Id     ;
+-------------------------------------+----------------------------------------+---------------+-------------+----------------+
; COMPILER_SIGNATURE_ID               ; 1097104433168.159254576706668          ; --            ; --          ; --             ;
; EDA_OUTPUT_DATA_FORMAT              ; Vhdl                                   ; --            ; --          ; eda_simulation ;
; EDA_SIMULATION_TOOL                 ; ModelSim-Altera (VHDL)                 ; <None>        ; --          ; --             ;
; MAX_CORE_JUNCTION_TEMP              ; 85                                     ; --            ; --          ; --             ;
; MIN_CORE_JUNCTION_TEMP              ; 0                                      ; --            ; --          ; --             ;
; MISC_FILE                           ; ../UK101/HiresRam_inst.vhd             ; --            ; --          ; --             ;
; MISC_FILE                           ; ../UK101/HiresRam.cmp                  ; --            ; --          ; --             ;
; MISC_FILE                           ; ProgRam.cmp                            ; --            ; --          ; --             ;
; MISC_FILE                           ; ../UK101/BasicRom.cmp                  ; --            ; --          ; --             ;
; MISC_FILE                           ; ../UK101/DisplayRam_inst.vhd           ; --            ; --          ; --             ;
; MISC_FILE                           ; ../UK101/DisplayRam.cmp                ; --            ; --          ; --             ;
; MISC_FILE                           ; PLL5_25.cmp                            ; --            ; --          ; --             ;
; MISC_FILE                           ; PLL5_25_sim/PLL5_25.vho                ; --            ; --          ; --             ;
; MISC_FILE                           ; DiskRAM_inst.vhd                       ; --            ; --          ; --             ;
; MISC_FILE                           ; DiskRAM.cmp                            ; --            ; --          ; --             ;
; NUM_PARALLEL_PROCESSORS             ; 4                                      ; --            ; --          ; --             ;
; PARTITION_COLOR                     ; -- (Not supported for targeted family) ; --            ; --          ; Top            ;
; PARTITION_FITTER_PRESERVATION_LEVEL ; -- (Not supported for targeted family) ; --            ; --          ; Top            ;
; PARTITION_NETLIST_TYPE              ; -- (Not supported for targeted family) ; --            ; --          ; Top            ;
; POWER_BOARD_THERMAL_MODEL           ; None (CONSERVATIVE)                    ; --            ; --          ; --             ;
; POWER_PRESET_COOLING_SOLUTION       ; 23 MM HEAT SINK WITH 200 LFPM AIRFLOW  ; --            ; --          ; --             ;
; SPD_FILE                            ; PLL5_25.spd                            ; --            ; --          ; --             ;
; SYNTHESIS_ONLY_QIP                  ; On                                     ; --            ; --          ; --             ;
+-------------------------------------+----------------------------------------+---------------+-------------+----------------+


+--------------------------------------------------------------------------------------------------------------------------+
; Flow Elapsed Time                                                                                                        ;
+----------------------+--------------+-------------------------+---------------------+------------------------------------+
; Module Name          ; Elapsed Time ; Average Processors Used ; Peak Virtual Memory ; Total CPU Time (on all processors) ;
+----------------------+--------------+-------------------------+---------------------+------------------------------------+
; Analysis & Synthesis ; 00:01:35     ; 1.0                     ; 820 MB              ; 00:02:07                           ;
; Fitter               ; 00:01:48     ; 1.3                     ; 2359 MB             ; 00:03:20                           ;
; Assembler            ; 00:00:11     ; 1.0                     ; 721 MB              ; 00:00:10                           ;
; Timing Analyzer      ; 00:00:19     ; 2.2                     ; 1055 MB             ; 00:00:35                           ;
; EDA Netlist Writer   ; 00:00:06     ; 1.0                     ; 720 MB              ; 00:00:06                           ;
; Total                ; 00:03:59     ; --                      ; --                  ; 00:06:18                           ;
+----------------------+--------------+-------------------------+---------------------+------------------------------------+


+-----------------------------------------------------------------------------------+
; Flow OS Summary                                                                   ;
+----------------------+------------------+-----------+------------+----------------+
; Module Name          ; Machine Hostname ; OS Name   ; OS Version ; Processor type ;
+----------------------+------------------+-----------+------------+----------------+
; Analysis & Synthesis ; WIN7-X64         ; Windows 7 ; 6.1        ; x86_64         ;
; Fitter               ; WIN7-X64         ; Windows 7 ; 6.1        ; x86_64         ;
; Assembler            ; WIN7-X64         ; Windows 7 ; 6.1        ; x86_64         ;
; Timing Analyzer      ; WIN7-X64         ; Windows 7 ; 6.1        ; x86_64         ;
; EDA Netlist Writer   ; WIN7-X64         ; Windows 7 ; 6.1        ; x86_64         ;
+----------------------+------------------+-----------+------------+----------------+


------------
; Flow Log ;
------------
quartus_map --read_settings_files=on --write_settings_files=off uk101 -c uk101
quartus_fit --read_settings_files=off --write_settings_files=off uk101 -c uk101
quartus_asm --read_settings_files=off --write_settings_files=off uk101 -c uk101
quartus_sta uk101 -c uk101
quartus_eda --read_settings_files=off --write_settings_files=off uk101 -c uk101



