Info: Starting: Create HDL design files for synthesis
Info: qsys-generate C:\FPGA\Altera_17_1\DE0_CV\OSI_Searle_Q17\UK101_DE0CV\first_nios1_system.qsys --synthesis=VHDL --output-directory=C:\FPGA\Altera_17_1\DE0_CV\OSI_Searle_Q17\UK101_DE0CV\first_nios1_system\synthesis --family="Cyclone V" --part=5CEBA4F23C7
Progress: Loading UK101_DE0CV/first_nios1_system.qsys
Progress: Reading input file
Progress: Adding PIO [altera_avalon_pio 17.1]
Progress: Parameterizing module PIO
Progress: Adding clk_0 [clock_source 17.1]
Progress: Parameterizing module clk_0
Progress: Adding cpu [altera_nios2_qsys 16.1]
Progress: Parameterizing module cpu
Progress: Adding jtag_uart [altera_avalon_jtag_uart 17.1]
Progress: Parameterizing module jtag_uart
Progress: Adding onchip_mem [altera_avalon_onchip_memory2 17.1]
Progress: Parameterizing module onchip_mem
Progress: Adding sys_clk_timer [altera_avalon_timer 17.1]
Progress: Parameterizing module sys_clk_timer
Progress: Adding sysid [altera_avalon_sysid_qsys 17.1]
Progress: Parameterizing module sysid
Progress: Building connections
Progress: Parameterizing connections
Progress: Validating
Progress: Done reading input file
Warning: first_nios1_system.cpu: Nios II Classic cores are no longer recommended for new projects
Info: first_nios1_system.jtag_uart: JTAG UART IP input clock need to be at least double (2x) the operating frequency of JTAG TCK on board
Info: first_nios1_system.sysid: System ID is not assigned automatically. Edit the System ID parameter to provide a unique ID
Info: first_nios1_system.sysid: Time stamp will be automatically updated when this component is generated.
Info: first_nios1_system: Generating first_nios1_system "first_nios1_system" for QUARTUS_SYNTH
Info: PIO: Starting RTL generation for module 'first_nios1_system_PIO'
Info: PIO:   Generation command is [exec C:/intelfpga/17.1/quartus/bin64/perl/bin/perl.exe -I C:/intelfpga/17.1/quartus/bin64/perl/lib -I C:/intelfpga/17.1/quartus/sopc_builder/bin/europa -I C:/intelfpga/17.1/quartus/sopc_builder/bin/perl_lib -I C:/intelfpga/17.1/quartus/sopc_builder/bin -I C:/intelfpga/17.1/quartus/../ip/altera/sopc_builder_ip/common -I C:/intelfpga/17.1/quartus/../ip/altera/sopc_builder_ip/altera_avalon_pio -- C:/intelfpga/17.1/quartus/../ip/altera/sopc_builder_ip/altera_avalon_pio/generate_rtl.pl --name=first_nios1_system_PIO --dir=C:/Users/REDSKU~1/AppData/Local/Temp/alt7612_5480606007337223866.dir/0002_PIO_gen/ --quartus_dir=C:/intelfpga/17.1/quartus --verilog --config=C:/Users/REDSKU~1/AppData/Local/Temp/alt7612_5480606007337223866.dir/0002_PIO_gen//first_nios1_system_PIO_component_configuration.pl  --do_build_sim=0  ]
Info: PIO: Done RTL generation for module 'first_nios1_system_PIO'
Info: PIO: "first_nios1_system" instantiated altera_avalon_pio "PIO"
Info: cpu: Starting RTL generation for module 'first_nios1_system_cpu'
Info: cpu:   Generation command is [exec C:/intelfpga/17.1/quartus/bin64/eperlcmd.exe -I C:/intelfpga/17.1/quartus/bin64/perl/lib -I C:/intelfpga/17.1/quartus/sopc_builder/bin/europa -I C:/intelfpga/17.1/quartus/sopc_builder/bin/perl_lib -I C:/intelfpga/17.1/quartus/sopc_builder/bin -I C:/intelfpga/17.1/quartus/../ip/altera/nios2_ip/altera_nios2/cpu_lib -I C:/intelfpga/17.1/quartus/../ip/altera/nios2_ip/altera_nios2/nios_lib -I C:/intelfpga/17.1/quartus/../ip/altera/nios2_ip/altera_nios2 -I C:/intelfpga/17.1/quartus/../ip/altera/nios2_ip/altera_nios2 -- C:/intelfpga/17.1/quartus/../ip/altera/nios2_ip/altera_nios2/generate_rtl.epl --name=first_nios1_system_cpu --dir=C:/Users/REDSKU~1/AppData/Local/Temp/alt7612_5480606007337223866.dir/0003_cpu_gen/ --quartus_bindir=C:/intelfpga/17.1/quartus/bin64 --verilog --config=C:/Users/REDSKU~1/AppData/Local/Temp/alt7612_5480606007337223866.dir/0003_cpu_gen//first_nios1_system_cpu_processor_configuration.pl  --do_build_sim=0  ]
Info: cpu: # 2018.03.23 00:45:49 (*) Starting Nios II generation
Info: cpu: # 2018.03.23 00:45:49 (*)   Checking for plaintext license.
Info: cpu: # 2018.03.23 00:45:50 (*)   Plaintext license not found.
Info: cpu: # 2018.03.23 00:45:50 (*)   Checking for encrypted license (non-evaluation).
Info: cpu: # 2018.03.23 00:45:51 (*)   Encrypted license not found.  Defaulting to OCP evaluation license (produces a time-limited SOF)
Info: cpu: # 2018.03.23 00:45:51 (*)   Elaborating CPU configuration settings
Info: cpu: # 2018.03.23 00:45:51 (*)   Creating all objects for CPU
Info: cpu: # 2018.03.23 00:45:52 (*)     Pipeline frontend
Info: cpu: # 2018.03.23 00:45:53 (*)   Generating RTL from CPU objects
Info: cpu: # 2018.03.23 00:45:56 (*)   Creating encrypted RTL
Info: cpu: # 2018.03.23 00:45:57 (*) Done Nios II generation
Info: cpu: Done RTL generation for module 'first_nios1_system_cpu'
Info: cpu: "first_nios1_system" instantiated altera_nios2_qsys "cpu"
Info: jtag_uart: Starting RTL generation for module 'first_nios1_system_jtag_uart'
Info: jtag_uart:   Generation command is [exec C:/intelfpga/17.1/quartus/bin64/perl/bin/perl.exe -I C:/intelfpga/17.1/quartus/bin64/perl/lib -I C:/intelfpga/17.1/quartus/sopc_builder/bin/europa -I C:/intelfpga/17.1/quartus/sopc_builder/bin/perl_lib -I C:/intelfpga/17.1/quartus/sopc_builder/bin -I C:/intelfpga/17.1/quartus/../ip/altera/sopc_builder_ip/common -I C:/intelfpga/17.1/quartus/../ip/altera/sopc_builder_ip/altera_avalon_jtag_uart -- C:/intelfpga/17.1/quartus/../ip/altera/sopc_builder_ip/altera_avalon_jtag_uart/generate_rtl.pl --name=first_nios1_system_jtag_uart --dir=C:/Users/REDSKU~1/AppData/Local/Temp/alt7612_5480606007337223866.dir/0004_jtag_uart_gen/ --quartus_dir=C:/intelfpga/17.1/quartus --verilog --config=C:/Users/REDSKU~1/AppData/Local/Temp/alt7612_5480606007337223866.dir/0004_jtag_uart_gen//first_nios1_system_jtag_uart_component_configuration.pl  --do_build_sim=0  ]
Info: jtag_uart: Done RTL generation for module 'first_nios1_system_jtag_uart'
Info: jtag_uart: "first_nios1_system" instantiated altera_avalon_jtag_uart "jtag_uart"
Info: onchip_mem: Starting RTL generation for module 'first_nios1_system_onchip_mem'
Info: onchip_mem:   Generation command is [exec C:/intelfpga/17.1/quartus/bin64/perl/bin/perl.exe -I C:/intelfpga/17.1/quartus/bin64/perl/lib -I C:/intelfpga/17.1/quartus/sopc_builder/bin/europa -I C:/intelfpga/17.1/quartus/sopc_builder/bin/perl_lib -I C:/intelfpga/17.1/quartus/sopc_builder/bin -I C:/intelfpga/17.1/quartus/../ip/altera/sopc_builder_ip/common -I C:/intelfpga/17.1/quartus/../ip/altera/sopc_builder_ip/altera_avalon_onchip_memory2 -- C:/intelfpga/17.1/quartus/../ip/altera/sopc_builder_ip/altera_avalon_onchip_memory2/generate_rtl.pl --name=first_nios1_system_onchip_mem --dir=C:/Users/REDSKU~1/AppData/Local/Temp/alt7612_5480606007337223866.dir/0005_onchip_mem_gen/ --quartus_dir=C:/intelfpga/17.1/quartus --verilog --config=C:/Users/REDSKU~1/AppData/Local/Temp/alt7612_5480606007337223866.dir/0005_onchip_mem_gen//first_nios1_system_onchip_mem_component_configuration.pl  --do_build_sim=0  ]
Info: onchip_mem: Done RTL generation for module 'first_nios1_system_onchip_mem'
Info: onchip_mem: "first_nios1_system" instantiated altera_avalon_onchip_memory2 "onchip_mem"
Info: sys_clk_timer: Starting RTL generation for module 'first_nios1_system_sys_clk_timer'
Info: sys_clk_timer:   Generation command is [exec C:/intelFPGA/17.1/quartus/bin64//perl/bin/perl.exe -I C:/intelFPGA/17.1/quartus/bin64//perl/lib -I C:/intelfpga/17.1/quartus/sopc_builder/bin/europa -I C:/intelfpga/17.1/quartus/sopc_builder/bin/perl_lib -I C:/intelfpga/17.1/quartus/sopc_builder/bin -I C:/intelfpga/17.1/quartus/../ip/altera/sopc_builder_ip/common -I C:/intelfpga/17.1/quartus/../ip/altera/sopc_builder_ip/altera_avalon_timer -- C:/intelfpga/17.1/quartus/../ip/altera/sopc_builder_ip/altera_avalon_timer/generate_rtl.pl --name=first_nios1_system_sys_clk_timer --dir=C:/Users/REDSKU~1/AppData/Local/Temp/alt7612_5480606007337223866.dir/0006_sys_clk_timer_gen/ --quartus_dir=C:/intelfpga/17.1/quartus --verilog --config=C:/Users/REDSKU~1/AppData/Local/Temp/alt7612_5480606007337223866.dir/0006_sys_clk_timer_gen//first_nios1_system_sys_clk_timer_component_configuration.pl  --do_build_sim=0  ]
Info: sys_clk_timer: Done RTL generation for module 'first_nios1_system_sys_clk_timer'
Info: sys_clk_timer: "first_nios1_system" instantiated altera_avalon_timer "sys_clk_timer"
Info: sysid: "first_nios1_system" instantiated altera_avalon_sysid_qsys "sysid"
Info: avalon_st_adapter: Inserting error_adapter: error_adapter_0
Info: avalon_st_adapter_001: Inserting error_adapter: error_adapter_0
Info: avalon_st_adapter_002: Inserting error_adapter: error_adapter_0
Info: avalon_st_adapter_003: Inserting error_adapter: error_adapter_0
Info: avalon_st_adapter_004: Inserting error_adapter: error_adapter_0
Info: avalon_st_adapter_005: Inserting error_adapter: error_adapter_0
Info: mm_interconnect_0: "first_nios1_system" instantiated altera_mm_interconnect "mm_interconnect_0"
Info: irq_mapper: "first_nios1_system" instantiated altera_irq_mapper "irq_mapper"
Info: rst_controller: "first_nios1_system" instantiated altera_reset_controller "rst_controller"
Info: cpu_data_master_translator: "mm_interconnect_0" instantiated altera_merlin_master_translator "cpu_data_master_translator"
Info: jtag_uart_avalon_jtag_slave_translator: "mm_interconnect_0" instantiated altera_merlin_slave_translator "jtag_uart_avalon_jtag_slave_translator"
Info: cpu_data_master_agent: "mm_interconnect_0" instantiated altera_merlin_master_agent "cpu_data_master_agent"
Info: jtag_uart_avalon_jtag_slave_agent: "mm_interconnect_0" instantiated altera_merlin_slave_agent "jtag_uart_avalon_jtag_slave_agent"
Info: jtag_uart_avalon_jtag_slave_agent_rsp_fifo: "mm_interconnect_0" instantiated altera_avalon_sc_fifo "jtag_uart_avalon_jtag_slave_agent_rsp_fifo"
Info: router: "mm_interconnect_0" instantiated altera_merlin_router "router"
Info: router_001: "mm_interconnect_0" instantiated altera_merlin_router "router_001"
Info: router_002: "mm_interconnect_0" instantiated altera_merlin_router "router_002"
Info: router_004: "mm_interconnect_0" instantiated altera_merlin_router "router_004"
Info: cpu_instruction_master_limiter: "mm_interconnect_0" instantiated altera_merlin_traffic_limiter "cpu_instruction_master_limiter"
Info: Reusing file C:/FPGA/Altera_17_1/DE0_CV/OSI_Searle_Q17/UK101_DE0CV/first_nios1_system/synthesis/submodules/altera_avalon_sc_fifo.v
Info: cmd_demux: "mm_interconnect_0" instantiated altera_merlin_demultiplexer "cmd_demux"
Info: cmd_demux_001: "mm_interconnect_0" instantiated altera_merlin_demultiplexer "cmd_demux_001"
Info: cmd_mux: "mm_interconnect_0" instantiated altera_merlin_multiplexer "cmd_mux"
Info: cmd_mux_002: "mm_interconnect_0" instantiated altera_merlin_multiplexer "cmd_mux_002"
Info: Reusing file C:/FPGA/Altera_17_1/DE0_CV/OSI_Searle_Q17/UK101_DE0CV/first_nios1_system/synthesis/submodules/altera_merlin_arbitrator.sv
Info: rsp_demux: "mm_interconnect_0" instantiated altera_merlin_demultiplexer "rsp_demux"
Info: rsp_demux_002: "mm_interconnect_0" instantiated altera_merlin_demultiplexer "rsp_demux_002"
Info: rsp_mux: "mm_interconnect_0" instantiated altera_merlin_multiplexer "rsp_mux"
Info: Reusing file C:/FPGA/Altera_17_1/DE0_CV/OSI_Searle_Q17/UK101_DE0CV/first_nios1_system/synthesis/submodules/altera_merlin_arbitrator.sv
Info: rsp_mux_001: "mm_interconnect_0" instantiated altera_merlin_multiplexer "rsp_mux_001"
Info: Reusing file C:/FPGA/Altera_17_1/DE0_CV/OSI_Searle_Q17/UK101_DE0CV/first_nios1_system/synthesis/submodules/altera_merlin_arbitrator.sv
Info: avalon_st_adapter: "mm_interconnect_0" instantiated altera_avalon_st_adapter "avalon_st_adapter"
Info: error_adapter_0: "avalon_st_adapter" instantiated error_adapter "error_adapter_0"
Info: first_nios1_system: Done "first_nios1_system" with 30 modules, 48 files
Info: qsys-generate succeeded.
Info: Finished: Create HDL design files for synthesis
